[34m2025-12-09 09:47:54[39m [[33mWARN[39m]: Unhandled route: GET /health
[34m2025-12-09 09:49:05[39m [[32mINFO[39m]: Welcome To Auth Service
[34m2025-12-09 09:49:05[39m [[32mINFO[39m]: AntiPhishX Listening On Port 5000
[34m2025-12-09 09:49:05[39m [[32mINFO[39m]: MORGAN ENABLED
[34m2025-12-09 09:49:05[39m [[32mINFO[39m]: Welcome To Auth Service
[34m2025-12-09 09:49:05[39m [[32mINFO[39m]: AntiPhishX Listening On Port 5000
[34m2025-12-09 09:49:05[39m [[32mINFO[39m]: MORGAN ENABLED
[34m2025-12-09 09:49:23[39m [[32mINFO[39m]: Welcome To Sales
[34m2025-12-09 09:49:23[39m [[32mINFO[39m]: AntiPhishX Listening On Port 5000
[34m2025-12-09 09:49:23[39m [[32mINFO[39m]: MORGAN ENABLED
[34m2025-12-09 09:49:24[39m [[32mINFO[39m]: Welcome To Sales
[34m2025-12-09 09:49:24[39m [[32mINFO[39m]: AntiPhishX Listening On Port 5000
[34m2025-12-09 09:49:24[39m [[32mINFO[39m]: MORGAN ENABLED
[34m2025-12-09 09:49:27[39m [[32mINFO[39m]: Welcome To Sales API
[34m2025-12-09 09:49:27[39m [[32mINFO[39m]: AntiPhishX Listening On Port 5000
[34m2025-12-09 09:49:27[39m [[32mINFO[39m]: MORGAN ENABLED
[34m2025-12-09 09:49:27[39m [[32mINFO[39m]: Welcome To Sales API
[34m2025-12-09 09:49:27[39m [[32mINFO[39m]: AntiPhishX Listening On Port 5000
[34m2025-12-09 09:49:27[39m [[32mINFO[39m]: MORGAN ENABLED
[34m2025-12-09 09:49:31[39m [[32mINFO[39m]: Welcome To Sales API
[34m2025-12-09 09:49:31[39m [[32mINFO[39m]: Welcome To Sales API
[34m2025-12-09 09:49:31[39m [[32mINFO[39m]: Sales API Listening On Port 5000
[34m2025-12-09 09:49:31[39m [[32mINFO[39m]: MORGAN ENABLED
[34m2025-12-09 09:49:31[39m [[32mINFO[39m]: Sales API Listening On Port 5000
[34m2025-12-09 09:49:31[39m [[32mINFO[39m]: MORGAN ENABLED
[34m2025-12-09 09:49:38[39m [[32mINFO[39m]: Welcome To Sales API
[34m2025-12-09 09:49:38[39m [[32mINFO[39m]: Sales API Listening On Port 5000
[34m2025-12-09 09:49:38[39m [[32mINFO[39m]: Welcome To Sales API
[34m2025-12-09 09:49:38[39m [[32mINFO[39m]: Sales API Listening On Port 5000
[34m2025-12-09 09:50:20[39m [[32mINFO[39m]: Welcome To Sales API
[34m2025-12-09 09:50:20[39m [[32mINFO[39m]: Sales API Listening On Port 5000
[34m2025-12-09 09:50:30[39m [[32mINFO[39m]: Welcome To Sales API
[34m2025-12-09 09:50:30[39m [[32mINFO[39m]: Sales API Listening On Port 5000
[34m2025-12-09 09:50:45[39m [[33mWARN[39m]: Unhandled route: GET /
[34m2025-12-09 09:51:34[39m [[32mINFO[39m]: Welcome To Sales API
[34m2025-12-09 09:51:34[39m [[32mINFO[39m]: Sales API Listening On Port 5000
[34m2025-12-09 09:52:11[39m [[32mINFO[39m]: Welcome To Sales API
[34m2025-12-09 09:52:11[39m [[32mINFO[39m]: Sales API Listening On Port 5000
[34m2025-12-09 09:55:52[39m [[32mINFO[39m]: Welcome To Sales API
[34m2025-12-09 09:55:52[39m [[32mINFO[39m]: Sales API Listening On Port 5000
[34m2025-12-09 09:55:54[39m [[32mINFO[39m]: Welcome To Sales API
[34m2025-12-09 09:55:54[39m [[32mINFO[39m]: Sales API Listening On Port 5000
[34m2025-12-09 09:55:59[39m [[32mINFO[39m]: Welcome To Sales API
[34m2025-12-09 09:55:59[39m [[32mINFO[39m]: Sales API Listening On Port 5000
[34m2025-12-09 09:56:07[39m [[32mINFO[39m]: Welcome To Sales API
[34m2025-12-09 09:56:07[39m [[32mINFO[39m]: Sales API Listening On Port 5000
[34m2025-12-09 09:56:52[39m [[32mINFO[39m]: Welcome To Sales API
[34m2025-12-09 09:56:52[39m [[32mINFO[39m]: Sales API Listening On Port 5000
[34m2025-12-09 09:56:54[39m [[32mINFO[39m]: Welcome To Sales API
[34m2025-12-09 09:56:54[39m [[32mINFO[39m]: Sales API Listening On Port 5000
[34m2025-12-09 09:56:57[39m [[32mINFO[39m]: Welcome To Sales API
[34m2025-12-09 09:56:57[39m [[32mINFO[39m]: Sales API Listening On Port 5000
